Using pre-set license
Built from '2021.3/staging' branch; Version is '2021.3.20f1 (577897200b8b) revision 5732503'; Using compiler version '192829333'; Build Type 'Release'
OS: 'Windows 10  (10.0.19045) 64bit Core' Language: 'en' Physical Memory: 16310 MB
BatchMode: 1, IsHumanControllingUs: 0, StartBugReporterOnCrash: 0, Is64bit: 1, IsPro: 1

COMMAND LINE ARGUMENTS:
C:\Program Files\Unity\Hub\Editor\2021.3.20f1\Editor\Unity.exe
-adb2
-batchMode
-noUpm
-name
AssetImportWorker0
-projectPath
C:/Users/grace_ahipqhi/OneDrive/Desktop/Create with Code/Unity-Create-with-Code/Star Baker
-logFile
Logs/AssetImportWorker0.log
-srvPort
50667
Successfully changed project path to: C:/Users/grace_ahipqhi/OneDrive/Desktop/Create with Code/Unity-Create-with-Code/Star Baker
C:/Users/grace_ahipqhi/OneDrive/Desktop/Create with Code/Unity-Create-with-Code/Star Baker
[UnityMemory] Configuration Parameters - Can be set up in boot.config
    "memorysetup-bucket-allocator-granularity=16"
    "memorysetup-bucket-allocator-bucket-count=8"
    "memorysetup-bucket-allocator-block-size=33554432"
    "memorysetup-bucket-allocator-block-count=8"
    "memorysetup-main-allocator-block-size=16777216"
    "memorysetup-thread-allocator-block-size=16777216"
    "memorysetup-gfx-main-allocator-block-size=16777216"
    "memorysetup-gfx-thread-allocator-block-size=16777216"
    "memorysetup-cache-allocator-block-size=4194304"
    "memorysetup-typetree-allocator-block-size=2097152"
    "memorysetup-profiler-bucket-allocator-granularity=16"
    "memorysetup-profiler-bucket-allocator-bucket-count=8"
    "memorysetup-profiler-bucket-allocator-block-size=33554432"
    "memorysetup-profiler-bucket-allocator-block-count=8"
    "memorysetup-profiler-allocator-block-size=16777216"
    "memorysetup-profiler-editor-allocator-block-size=1048576"
    "memorysetup-temp-allocator-size-main=16777216"
    "memorysetup-job-temp-allocator-block-size=2097152"
    "memorysetup-job-temp-allocator-block-size-background=1048576"
    "memorysetup-job-temp-allocator-reduction-small-platforms=262144"
    "memorysetup-temp-allocator-size-background-worker=32768"
    "memorysetup-temp-allocator-size-job-worker=262144"
    "memorysetup-temp-allocator-size-preload-manager=33554432"
    "memorysetup-temp-allocator-size-nav-mesh-worker=65536"
    "memorysetup-temp-allocator-size-audio-worker=65536"
    "memorysetup-temp-allocator-size-cloud-worker=32768"
    "memorysetup-temp-allocator-size-gi-baking-worker=262144"
    "memorysetup-temp-allocator-size-gfx=262144"
Player connection [19016] Host "[IP] 192.168.1.142 [Port] 0 [Flags] 2 [Guid] 1127945284 [EditorId] 1127945284 [Version] 1048832 [Id] WindowsEditor(7,DESKTOP-UR5Q7CO) [Debug] 1 [PackageName] WindowsEditor [ProjectName] Editor" joined multi-casting on [225.0.0.222:54997]...

Player connection [19016] Host "[IP] 192.168.1.142 [Port] 0 [Flags] 2 [Guid] 1127945284 [EditorId] 1127945284 [Version] 1048832 [Id] WindowsEditor(7,DESKTOP-UR5Q7CO) [Debug] 1 [PackageName] WindowsEditor [ProjectName] Editor" joined alternative multi-casting on [225.0.0.222:34997]...

Refreshing native plugins compatible for Editor in 61.39 ms, found 3 plugins.
Preloading 0 native plugins for Editor in 0.00 ms.
Initialize engine version: 2021.3.20f1 (577897200b8b)
[Subsystems] Discovering subsystems at path C:/Program Files/Unity/Hub/Editor/2021.3.20f1/Editor/Data/Resources/UnitySubsystems
[Subsystems] Discovering subsystems at path C:/Users/grace_ahipqhi/OneDrive/Desktop/Create with Code/Unity-Create-with-Code/Star Baker/Assets
GfxDevice: creating device client; threaded=0; jobified=0
Direct3D:
    Version:  Direct3D 11.0 [level 11.1]
    Renderer: AMD Radeon RX 6800 (ID=0x73bf)
    Vendor:   ATI
    VRAM:     16338 MB
    Driver:   31.0.12027.7000
Initialize mono
Mono path[0] = 'C:/Program Files/Unity/Hub/Editor/2021.3.20f1/Editor/Data/Managed'
Mono path[1] = 'C:/Program Files/Unity/Hub/Editor/2021.3.20f1/Editor/Data/MonoBleedingEdge/lib/mono/unityjit-win32'
Mono config path = 'C:/Program Files/Unity/Hub/Editor/2021.3.20f1/Editor/Data/MonoBleedingEdge/etc'
Using monoOptions --debugger-agent=transport=dt_socket,embedding=1,server=y,suspend=n,address=127.0.0.1:56292
Begin MonoManager ReloadAssembly
Registering precompiled unity dll's ...
Register platform support module: C:/Program Files/Unity/Hub/Editor/2021.3.20f1/Editor/Data/PlaybackEngines/WebGLSupport/UnityEditor.WebGL.Extensions.dll
Register platform support module: C:/Program Files/Unity/Hub/Editor/2021.3.20f1/Editor/Data/PlaybackEngines/WindowsStandaloneSupport/UnityEditor.WindowsStandalone.Extensions.dll
Registered in 0.005804 seconds.
Native extension for WindowsStandalone target not found
Native extension for WebGL target not found
Refreshing native plugins compatible for Editor in 58.31 ms, found 3 plugins.
Preloading 0 native plugins for Editor in 0.00 ms.
Mono: successfully reloaded assembly
- Completed reload, in  0.459 seconds
Domain Reload Profiling:
	ReloadAssembly (459ms)
		BeginReloadAssembly (64ms)
			ExecutionOrderSort (0ms)
			DisableScriptedObjects (0ms)
			BackupInstance (0ms)
			ReleaseScriptingObjects (0ms)
			CreateAndSetChildDomain (1ms)
		EndReloadAssembly (326ms)
			LoadAssemblies (62ms)
			RebuildTransferFunctionScriptingTraits (0ms)
			SetupTypeCache (67ms)
			ReleaseScriptCaches (0ms)
			RebuildScriptCaches (21ms)
			SetupLoadedEditorAssemblies (201ms)
				LogAssemblyErrors (0ms)
				InitializePlatformSupportModulesInManaged (7ms)
				SetLoadedEditorAssemblies (0ms)
				RefreshPlugins (58ms)
				BeforeProcessingInitializeOnLoad (1ms)
				ProcessInitializeOnLoadAttributes (102ms)
				ProcessInitializeOnLoadMethodAttributes (32ms)
				AfterProcessingInitializeOnLoad (0ms)
				EditorAssembliesLoaded (0ms)
			ExecutionOrderSort2 (0ms)
			AwakeInstancesAfterBackupRestoration (0ms)
Platform modules already initialized, skipping
Registering precompiled user dll's ...
Registered in 0.005375 seconds.
Begin MonoManager ReloadAssembly
Symbol file LoadedFromMemory doesn't match image C:\Users\grace_ahipqhi\OneDrive\Desktop\Create with Code\Unity-Create-with-Code\Star Baker\Library\PackageCache\com.unity.visualscripting@1.8.0\Editor\VisualScripting.Core\Dependencies\YamlDotNet\Unity.VisualScripting.YamlDotNet.dll
Symbol file LoadedFromMemory doesn't match image C:\Users\grace_ahipqhi\OneDrive\Desktop\Create with Code\Unity-Create-with-Code\Star Baker\Library\PackageCache\com.unity.visualscripting@1.8.0\Editor\VisualScripting.Core\Dependencies\DotNetZip\Unity.VisualScripting.IonicZip.dll
Native extension for WindowsStandalone target not found
Native extension for WebGL target not found
Refreshing native plugins compatible for Editor in 0.55 ms, found 3 plugins.
Preloading 0 native plugins for Editor in 0.00 ms.
Mono: successfully reloaded assembly
- Completed reload, in  0.719 seconds
Domain Reload Profiling:
	ReloadAssembly (719ms)
		BeginReloadAssembly (89ms)
			ExecutionOrderSort (0ms)
			DisableScriptedObjects (4ms)
			BackupInstance (0ms)
			ReleaseScriptingObjects (0ms)
			CreateAndSetChildDomain (15ms)
		EndReloadAssembly (546ms)
			LoadAssemblies (68ms)
			RebuildTransferFunctionScriptingTraits (0ms)
			SetupTypeCache (176ms)
			ReleaseScriptCaches (0ms)
			RebuildScriptCaches (32ms)
			SetupLoadedEditorAssemblies (253ms)
				LogAssemblyErrors (0ms)
				InitializePlatformSupportModulesInManaged (5ms)
				SetLoadedEditorAssemblies (0ms)
				RefreshPlugins (1ms)
				BeforeProcessingInitializeOnLoad (56ms)
				ProcessInitializeOnLoadAttributes (171ms)
				ProcessInitializeOnLoadMethodAttributes (14ms)
				AfterProcessingInitializeOnLoad (6ms)
				EditorAssembliesLoaded (0ms)
			ExecutionOrderSort2 (0ms)
			AwakeInstancesAfterBackupRestoration (4ms)
Platform modules already initialized, skipping
========================================================================
Worker process is ready to serve import requests
Launched and connected shader compiler UnityShaderCompiler.exe after 0.03 seconds
Refreshing native plugins compatible for Editor in 1.00 ms, found 3 plugins.
Preloading 0 native plugins for Editor in 0.00 ms.
Unloading 3119 Unused Serialized files (Serialized files now loaded: 0)
Unloading 23 unused Assets / (56.5 KB). Loaded Objects now: 3588.
Memory consumption went from 116.1 MB to 116.1 MB.
Total: 2.238700 ms (FindLiveObjects: 0.189600 ms CreateObjectMapping: 0.075900 ms MarkObjects: 1.892700 ms  DeleteObjects: 0.079900 ms)

AssetImportParameters requested are different than current active one (requested -> active):
  custom:video-decoder-ogg-theora: a1e56fd34408186e4bbccfd4996cb3dc -> 
  custom:container-muxer-webm: aa71ff27fc2769a1b78a27578f13a17b -> 
  custom:container-demuxer-webm: 4f35f7cbe854078d1ac9338744f61a02 -> 
  custom:video-encoder-webm-vp8: eb34c28f22e8b96e1ab97ce403110664 -> 
  custom:audio-encoder-webm-vorbis: bf7c407c2cedff20999df2af8eb42d56 -> 
  custom:framework-win-MediaFoundation: 216162199b28c13a410421893ffa2e32 -> 
  custom:container-demuxer-ogg: 62fdf1f143b41e24485cea50d1cbac27 -> 
  custom:video-decoder-webm-vp8: 9c59270c3fd7afecdb556c50c9e8de78 -> 
  custom:audio-decoder-ogg-vorbis: bf7c407c2cedff20999df2af8eb42d56 -> 
========================================================================
Received Import Request.
  Time since last request: 1429139.486576 seconds.
  path: Assets/01_3D/ETC/3D Bakery Object/FBX/HamEgg.FBX
  artifactKey: Guid(6bf0fd1a81d06954497e5e74788af365) Importer(815301076,1909f56bfc062723c751e8b465ee728b)
Start importing Assets/01_3D/ETC/3D Bakery Object/FBX/HamEgg.FBX using Guid(6bf0fd1a81d06954497e5e74788af365) Importer(815301076,1909f56bfc062723c751e8b465ee728b)  -> (artifact id: '93e0f8a1e69364c56a4679e860939f08') in 0.138753 seconds 
========================================================================
Received Import Request.
  Time since last request: 2.845643 seconds.
  path: Assets/01_3D/ETC/3D Bakery Object/FBX/IceCream.FBX
  artifactKey: Guid(770c5dadeaf83394ab9b9604cb2a6298) Importer(815301076,1909f56bfc062723c751e8b465ee728b)
Start importing Assets/01_3D/ETC/3D Bakery Object/FBX/IceCream.FBX using Guid(770c5dadeaf83394ab9b9604cb2a6298) Importer(815301076,1909f56bfc062723c751e8b465ee728b)  -> (artifact id: 'ec76cf7e7a3327ea64ca19d759cc502f') in 0.017244 seconds 
========================================================================
Received Import Request.
  Time since last request: 2.809915 seconds.
  path: Assets/01_3D/ETC/3D Bakery Object/FBX/Milk.FBX
  artifactKey: Guid(a913811941469a64abeb138272cb6d79) Importer(815301076,1909f56bfc062723c751e8b465ee728b)
Start importing Assets/01_3D/ETC/3D Bakery Object/FBX/Milk.FBX using Guid(a913811941469a64abeb138272cb6d79) Importer(815301076,1909f56bfc062723c751e8b465ee728b)  -> (artifact id: '2354d16a4b0eb4b0d60acf59132104c5') in 0.014880 seconds 
========================================================================
Received Import Request.
  Time since last request: 2.493626 seconds.
  path: Assets/01_3D/ETC/3D Bakery Object/FBX/Waffle.FBX
  artifactKey: Guid(37878f2881441d64e83fb9b75b52d91c) Importer(815301076,1909f56bfc062723c751e8b465ee728b)
Start importing Assets/01_3D/ETC/3D Bakery Object/FBX/Waffle.FBX using Guid(37878f2881441d64e83fb9b75b52d91c) Importer(815301076,1909f56bfc062723c751e8b465ee728b)  -> (artifact id: 'cfbac59b37951bd05a899d1bad7ddf6a') in 0.016335 seconds 
========================================================================
Received Import Request.
  Time since last request: 5.626826 seconds.
  path: Assets/01_3D/ETC/3D Bakery Object/Prefab
  artifactKey: Guid(482a830f25acc4d6b901fbdb592120a2) Importer(815301076,1909f56bfc062723c751e8b465ee728b)
Start importing Assets/01_3D/ETC/3D Bakery Object/Prefab using Guid(482a830f25acc4d6b901fbdb592120a2) Importer(815301076,1909f56bfc062723c751e8b465ee728b)  -> (artifact id: '325ba6f24ac10059c9970eb9d22dde09') in 0.006218 seconds 
========================================================================
Received Import Request.
  Time since last request: 2.236890 seconds.
  path: Assets/01_3D/ETC/3D Bakery Object/Prefab/Hambuger.prefab
  artifactKey: Guid(2d434559430d5e54183217ebf67f2bba) Importer(815301076,1909f56bfc062723c751e8b465ee728b)
Start importing Assets/01_3D/ETC/3D Bakery Object/Prefab/Hambuger.prefab using Guid(2d434559430d5e54183217ebf67f2bba) Importer(815301076,1909f56bfc062723c751e8b465ee728b)  -> (artifact id: '82348021659c4d89dcb8956c94971e7a') in 0.004623 seconds 
========================================================================
Received Import Request.
  Time since last request: 5.776149 seconds.
  path: Assets/01_3D/ETC/3D Bakery Object/Prefab/HamEgg.prefab
  artifactKey: Guid(108b1dfb3718d604e9452dfa37a30cdc) Importer(815301076,1909f56bfc062723c751e8b465ee728b)
Start importing Assets/01_3D/ETC/3D Bakery Object/Prefab/HamEgg.prefab using Guid(108b1dfb3718d604e9452dfa37a30cdc) Importer(815301076,1909f56bfc062723c751e8b465ee728b)  -> (artifact id: 'ef3e3fd59f6411ae69cb635c019f628e') in 0.003200 seconds 
========================================================================
Received Import Request.
  Time since last request: 3.373050 seconds.
  path: Assets/01_3D/ETC/3D Bakery Object/Prefab/IceCream.prefab
  artifactKey: Guid(a7dfc8f0b06a1f64a889c6c9e36e23d5) Importer(815301076,1909f56bfc062723c751e8b465ee728b)
Start importing Assets/01_3D/ETC/3D Bakery Object/Prefab/IceCream.prefab using Guid(a7dfc8f0b06a1f64a889c6c9e36e23d5) Importer(815301076,1909f56bfc062723c751e8b465ee728b)  -> (artifact id: '4b79d957c36bdbe7af97cc69a020efab') in 0.002816 seconds 
========================================================================
Received Import Request.
  Time since last request: 3.677467 seconds.
  path: Assets/01_3D/ETC/3D Bakery Object/Prefab/Milk.prefab
  artifactKey: Guid(e51fe706056928b4586f68a8eeaabac5) Importer(815301076,1909f56bfc062723c751e8b465ee728b)
Start importing Assets/01_3D/ETC/3D Bakery Object/Prefab/Milk.prefab using Guid(e51fe706056928b4586f68a8eeaabac5) Importer(815301076,1909f56bfc062723c751e8b465ee728b)  -> (artifact id: '2c20861f0b6df4c4ec208a485decf005') in 0.003022 seconds 
========================================================================
Received Import Request.
  Time since last request: 3.149251 seconds.
  path: Assets/01_3D/ETC/3D Bakery Object/Prefab/Waffle.prefab
  artifactKey: Guid(5b63de927760304438a3c6ac347846d5) Importer(815301076,1909f56bfc062723c751e8b465ee728b)
Start importing Assets/01_3D/ETC/3D Bakery Object/Prefab/Waffle.prefab using Guid(5b63de927760304438a3c6ac347846d5) Importer(815301076,1909f56bfc062723c751e8b465ee728b)  -> (artifact id: '5a552b1e153e3c6710e3f678a2d127b2') in 0.002878 seconds 
========================================================================
Received Import Request.
  Time since last request: 3.391001 seconds.
  path: Assets/AurynSky
  artifactKey: Guid(c694f8904cc98f94c8f1eab0966c74f4) Importer(815301076,1909f56bfc062723c751e8b465ee728b)
Start importing Assets/AurynSky using Guid(c694f8904cc98f94c8f1eab0966c74f4) Importer(815301076,1909f56bfc062723c751e8b465ee728b)  -> (artifact id: 'bffdcf6fedf6624c180e0e345276afe4') in 0.005946 seconds 
========================================================================
Received Import Request.
  Time since last request: 6.520059 seconds.
  path: Assets/01_3D/ETC/3D Bakery Object/FBX/Texture/Hambuger.png
  artifactKey: Guid(35c379fda16163f4eb60fc1846f582e4) Importer(815301076,1909f56bfc062723c751e8b465ee728b)
Start importing Assets/01_3D/ETC/3D Bakery Object/FBX/Texture/Hambuger.png using Guid(35c379fda16163f4eb60fc1846f582e4) Importer(815301076,1909f56bfc062723c751e8b465ee728b)  -> (artifact id: '98dc459685d25a9582ff29a59c6e20c5') in 0.016718 seconds 
========================================================================
Received Import Request.
  Time since last request: 2.787050 seconds.
  path: Assets/01_3D/ETC/3D Bakery Object/FBX/Texture/Hamegg.png
  artifactKey: Guid(9746c0b1835b13440b9c9d09dd9f6080) Importer(815301076,1909f56bfc062723c751e8b465ee728b)
Start importing Assets/01_3D/ETC/3D Bakery Object/FBX/Texture/Hamegg.png using Guid(9746c0b1835b13440b9c9d09dd9f6080) Importer(815301076,1909f56bfc062723c751e8b465ee728b)  -> (artifact id: '4dad6276825ff52091e8295de129a30c') in 0.009724 seconds 
========================================================================
Received Import Request.
  Time since last request: 2.758903 seconds.
  path: Assets/01_3D/ETC/3D Bakery Object/FBX/Texture/icecream.png
  artifactKey: Guid(6dc2c617917606a4fb504bc2f5e21473) Importer(815301076,1909f56bfc062723c751e8b465ee728b)
Start importing Assets/01_3D/ETC/3D Bakery Object/FBX/Texture/icecream.png using Guid(6dc2c617917606a4fb504bc2f5e21473) Importer(815301076,1909f56bfc062723c751e8b465ee728b)  -> (artifact id: 'b18338b085c8adafcd4d2ce89766c656') in 0.011794 seconds 
========================================================================
Received Import Request.
  Time since last request: 2.614114 seconds.
  path: Assets/01_3D/ETC/3D Bakery Object/FBX/Texture/Milk.png
  artifactKey: Guid(c926aff6fed3dbf4e8a4375c92dad6c4) Importer(815301076,1909f56bfc062723c751e8b465ee728b)
Start importing Assets/01_3D/ETC/3D Bakery Object/FBX/Texture/Milk.png using Guid(c926aff6fed3dbf4e8a4375c92dad6c4) Importer(815301076,1909f56bfc062723c751e8b465ee728b)  -> (artifact id: 'e49d67437f967fdbebc5af39b274212c') in 0.009434 seconds 
========================================================================
Received Import Request.
  Time since last request: 2.817769 seconds.
  path: Assets/01_3D/ETC/3D Bakery Object/FBX/Texture/Waffle.png
  artifactKey: Guid(eca075af3f56cf642831671673dcb545) Importer(815301076,1909f56bfc062723c751e8b465ee728b)
Start importing Assets/01_3D/ETC/3D Bakery Object/FBX/Texture/Waffle.png using Guid(eca075af3f56cf642831671673dcb545) Importer(815301076,1909f56bfc062723c751e8b465ee728b)  -> (artifact id: 'b359f04ed4665a137532c8ebf667780b') in 0.008407 seconds 
========================================================================
Received Import Request.
  Time since last request: 58.975321 seconds.
  path: Assets/8-Bit Style Sound Effects
  artifactKey: Guid(2b05e3864b181bc4190626b4165a91df) Importer(815301076,1909f56bfc062723c751e8b465ee728b)
Start importing Assets/8-Bit Style Sound Effects using Guid(2b05e3864b181bc4190626b4165a91df) Importer(815301076,1909f56bfc062723c751e8b465ee728b)  -> (artifact id: 'ae05defa298e3c7a0ae2940912f7071b') in 0.006318 seconds 
========================================================================
Received Import Request.
  Time since last request: 13.901312 seconds.
  path: Assets/AurynSky/Gems Ultimate Pack/Materials
  artifactKey: Guid(bde12267b5e55de4997ed6dffcbfc87e) Importer(815301076,1909f56bfc062723c751e8b465ee728b)
Start importing Assets/AurynSky/Gems Ultimate Pack/Materials using Guid(bde12267b5e55de4997ed6dffcbfc87e) Importer(815301076,1909f56bfc062723c751e8b465ee728b)  -> (artifact id: '1a2906de10b50349c5838be02fb1aa83') in 0.005091 seconds 
========================================================================
Received Import Request.
  Time since last request: 27.415966 seconds.
  path: Assets/AurynSky/Gems Ultimate Pack/Models/4 Side Diamond.fbx
  artifactKey: Guid(a59faa6df8bd9cd4c8779604face71a1) Importer(815301076,1909f56bfc062723c751e8b465ee728b)
Start importing Assets/AurynSky/Gems Ultimate Pack/Models/4 Side Diamond.fbx using Guid(a59faa6df8bd9cd4c8779604face71a1) Importer(815301076,1909f56bfc062723c751e8b465ee728b)  -> (artifact id: '1c686813e548a11afe2f6d63d538431a') in 0.045678 seconds 
========================================================================
Received Import Request.
  Time since last request: 2.126755 seconds.
  path: Assets/AurynSky/Gems Ultimate Pack/Models/5 Side Diamond.fbx
  artifactKey: Guid(aa56074584965524093e852b02a99de7) Importer(815301076,1909f56bfc062723c751e8b465ee728b)
Start importing Assets/AurynSky/Gems Ultimate Pack/Models/5 Side Diamond.fbx using Guid(aa56074584965524093e852b02a99de7) Importer(815301076,1909f56bfc062723c751e8b465ee728b)  -> (artifact id: 'd660d9a49fb73ded66094b1bffe3efb3') in 0.012935 seconds 
========================================================================
Received Import Request.
  Time since last request: 2.260245 seconds.
  path: Assets/AurynSky/Gems Ultimate Pack/Models/BeveledStar.fbx
  artifactKey: Guid(fce0ecff534816b49af71ef31033c259) Importer(815301076,1909f56bfc062723c751e8b465ee728b)
Start importing Assets/AurynSky/Gems Ultimate Pack/Models/BeveledStar.fbx using Guid(fce0ecff534816b49af71ef31033c259) Importer(815301076,1909f56bfc062723c751e8b465ee728b)  -> (artifact id: '210dc14c3a35479c6a5212e0823ef1e3') in 0.011891 seconds 
========================================================================
Received Import Request.
  Time since last request: 2.589906 seconds.
  path: Assets/AurynSky/Gems Ultimate Pack/Models/Cubie.fbx
  artifactKey: Guid(8b4719f3fd5020040bdbb5595fda39aa) Importer(815301076,1909f56bfc062723c751e8b465ee728b)
Start importing Assets/AurynSky/Gems Ultimate Pack/Models/Cubie.fbx using Guid(8b4719f3fd5020040bdbb5595fda39aa) Importer(815301076,1909f56bfc062723c751e8b465ee728b)  -> (artifact id: '6cb44ff73dacf1946a568477e53cde6b') in 0.013150 seconds 
========================================================================
Received Import Request.
  Time since last request: 3.265174 seconds.
  path: Assets/AurynSky/Gems Ultimate Pack/Models/CubieBeveled.fbx
  artifactKey: Guid(6579b708f10e00c448d8ddbc06ba95fe) Importer(815301076,1909f56bfc062723c751e8b465ee728b)
Start importing Assets/AurynSky/Gems Ultimate Pack/Models/CubieBeveled.fbx using Guid(6579b708f10e00c448d8ddbc06ba95fe) Importer(815301076,1909f56bfc062723c751e8b465ee728b)  -> (artifact id: '40db940e330854087baa9b6fbdd9f1d9') in 0.014164 seconds 
========================================================================
Received Import Request.
  Time since last request: 2.498804 seconds.
  path: Assets/AurynSky/Gems Ultimate Pack/Models/Cuboid.fbx
  artifactKey: Guid(d5201c54bfe2c0242acafec0421e0d8e) Importer(815301076,1909f56bfc062723c751e8b465ee728b)
Start importing Assets/AurynSky/Gems Ultimate Pack/Models/Cuboid.fbx using Guid(d5201c54bfe2c0242acafec0421e0d8e) Importer(815301076,1909f56bfc062723c751e8b465ee728b)  -> (artifact id: '888aa65b9d9d456d675731d3376897c5') in 0.012560 seconds 
========================================================================
Received Import Request.
  Time since last request: 2.192889 seconds.
  path: Assets/AurynSky/Gems Ultimate Pack/Models/Diamondo.fbx
  artifactKey: Guid(911b2aca4190de843ba6fc029bf3734d) Importer(815301076,1909f56bfc062723c751e8b465ee728b)
Start importing Assets/AurynSky/Gems Ultimate Pack/Models/Diamondo.fbx using Guid(911b2aca4190de843ba6fc029bf3734d) Importer(815301076,1909f56bfc062723c751e8b465ee728b)  -> (artifact id: '1364cf77f2b4c6342c699946fc4a2553') in 0.012582 seconds 
========================================================================
Received Import Request.
  Time since last request: 2.211448 seconds.
  path: Assets/AurynSky/Gems Ultimate Pack/Models/Diamondo5side.fbx
  artifactKey: Guid(6217dd83a11a7df46b82193c138a8ce2) Importer(815301076,1909f56bfc062723c751e8b465ee728b)
Start importing Assets/AurynSky/Gems Ultimate Pack/Models/Diamondo5side.fbx using Guid(6217dd83a11a7df46b82193c138a8ce2) Importer(815301076,1909f56bfc062723c751e8b465ee728b)  -> (artifact id: '6c3b07e196e68d6c5ab339c6c9e75c96') in 0.012904 seconds 
========================================================================
Received Import Request.
  Time since last request: 2.093509 seconds.
  path: Assets/AurynSky/Gems Ultimate Pack/Models/HardStar.fbx
  artifactKey: Guid(9d0e73dbf5dfc6e4e800cbe52651ac4d) Importer(815301076,1909f56bfc062723c751e8b465ee728b)
Start importing Assets/AurynSky/Gems Ultimate Pack/Models/HardStar.fbx using Guid(9d0e73dbf5dfc6e4e800cbe52651ac4d) Importer(815301076,1909f56bfc062723c751e8b465ee728b)  -> (artifact id: 'd12f74615e009ff3583f3224dc30b122') in 0.012618 seconds 
========================================================================
Received Import Request.
  Time since last request: 2.226352 seconds.
  path: Assets/AurynSky/Gems Ultimate Pack/Models/Hexgon.fbx
  artifactKey: Guid(88298ecb4d0fcff45879b1338c17fe54) Importer(815301076,1909f56bfc062723c751e8b465ee728b)
Start importing Assets/AurynSky/Gems Ultimate Pack/Models/Hexgon.fbx using Guid(88298ecb4d0fcff45879b1338c17fe54) Importer(815301076,1909f56bfc062723c751e8b465ee728b)  -> (artifact id: '3e8196a03f246a7c7b0d46919b850659') in 0.012640 seconds 
========================================================================
Received Import Request.
  Time since last request: 3.248587 seconds.
  path: Assets/AurynSky/Gems Ultimate Pack/Models/Penta.fbx
  artifactKey: Guid(34a866017115e1f4693b2328671afe14) Importer(815301076,1909f56bfc062723c751e8b465ee728b)
Start importing Assets/AurynSky/Gems Ultimate Pack/Models/Penta.fbx using Guid(34a866017115e1f4693b2328671afe14) Importer(815301076,1909f56bfc062723c751e8b465ee728b)  -> (artifact id: '5a88381be844b730ada4637997c1b49c') in 0.013773 seconds 
========================================================================
Received Import Request.
  Time since last request: 1.894060 seconds.
  path: Assets/AurynSky/Gems Ultimate Pack/Models/SoftStar.fbx
  artifactKey: Guid(bc0cdff0b0fdafc46bbdbda4b3717d71) Importer(815301076,1909f56bfc062723c751e8b465ee728b)
Start importing Assets/AurynSky/Gems Ultimate Pack/Models/SoftStar.fbx using Guid(bc0cdff0b0fdafc46bbdbda4b3717d71) Importer(815301076,1909f56bfc062723c751e8b465ee728b)  -> (artifact id: '6d1cbbb611c251a607408abe8a0a2f1e') in 0.012438 seconds 
========================================================================
Received Import Request.
  Time since last request: 2.160686 seconds.
  path: Assets/AurynSky/Gems Ultimate Pack/Models/SphereGemLarge.fbx
  artifactKey: Guid(3be870bd3141f9741b70abdfb4242cb6) Importer(815301076,1909f56bfc062723c751e8b465ee728b)
Start importing Assets/AurynSky/Gems Ultimate Pack/Models/SphereGemLarge.fbx using Guid(3be870bd3141f9741b70abdfb4242cb6) Importer(815301076,1909f56bfc062723c751e8b465ee728b)  -> (artifact id: 'b89fe2995ae281b875b9c64557889610') in 0.012839 seconds 
========================================================================
Received Import Request.
  Time since last request: 1.716200 seconds.
  path: Assets/AurynSky/Gems Ultimate Pack/Models/SphereGemSmall.fbx
  artifactKey: Guid(486351f15650ce5408452352641fc317) Importer(815301076,1909f56bfc062723c751e8b465ee728b)
Start importing Assets/AurynSky/Gems Ultimate Pack/Models/SphereGemSmall.fbx using Guid(486351f15650ce5408452352641fc317) Importer(815301076,1909f56bfc062723c751e8b465ee728b)  -> (artifact id: 'e2ae4b161b014f0faa4a1a9a9c9bc3f6') in 0.013017 seconds 
========================================================================
Received Import Request.
  Time since last request: 1.883729 seconds.
  path: Assets/AurynSky/Gems Ultimate Pack/Models/Spiral.fbx
  artifactKey: Guid(973011b81536fe2408cc13aa49700e3b) Importer(815301076,1909f56bfc062723c751e8b465ee728b)
Start importing Assets/AurynSky/Gems Ultimate Pack/Models/Spiral.fbx using Guid(973011b81536fe2408cc13aa49700e3b) Importer(815301076,1909f56bfc062723c751e8b465ee728b)  -> (artifact id: 'f48b262f1750a07f7d88618b70b6116e') in 0.013072 seconds 
========================================================================
Received Import Request.
  Time since last request: 4.507776 seconds.
  path: Assets/AurynSky/Gems Ultimate Pack/Prefabs/4 Side Diamond.prefab
  artifactKey: Guid(0ed203d298c050b49bfabe788790e1c2) Importer(815301076,1909f56bfc062723c751e8b465ee728b)
Start importing Assets/AurynSky/Gems Ultimate Pack/Prefabs/4 Side Diamond.prefab using Guid(0ed203d298c050b49bfabe788790e1c2) Importer(815301076,1909f56bfc062723c751e8b465ee728b)  -> (artifact id: '73ccd25547d7fbe7b88821cfaca21c6b') in 0.004101 seconds 
========================================================================
Received Import Request.
  Time since last request: 2.531132 seconds.
  path: Assets/AurynSky/Gems Ultimate Pack/Prefabs/5 Side Diamond.prefab
  artifactKey: Guid(c3c0707254334a64ca8198f7486e977d) Importer(815301076,1909f56bfc062723c751e8b465ee728b)
Start importing Assets/AurynSky/Gems Ultimate Pack/Prefabs/5 Side Diamond.prefab using Guid(c3c0707254334a64ca8198f7486e977d) Importer(815301076,1909f56bfc062723c751e8b465ee728b)  -> (artifact id: 'cfa11c9e5ce5a7298768c2f704930df1') in 0.002936 seconds 
========================================================================
Received Import Request.
  Time since last request: 2.168874 seconds.
  path: Assets/AurynSky/Gems Ultimate Pack/Prefabs/BeveledStar.prefab
  artifactKey: Guid(f5c872ee906a85b46aa65e0ab683ed9f) Importer(815301076,1909f56bfc062723c751e8b465ee728b)
Start importing Assets/AurynSky/Gems Ultimate Pack/Prefabs/BeveledStar.prefab using Guid(f5c872ee906a85b46aa65e0ab683ed9f) Importer(815301076,1909f56bfc062723c751e8b465ee728b)  -> (artifact id: '4fb00367eeeda265ac40894d03f825d6') in 0.003135 seconds 
========================================================================
Received Import Request.
  Time since last request: 2.088410 seconds.
  path: Assets/AurynSky/Gems Ultimate Pack/Prefabs/Cubie.prefab
  artifactKey: Guid(38dea0631a962ad45b71e2759e4240d8) Importer(815301076,1909f56bfc062723c751e8b465ee728b)
Start importing Assets/AurynSky/Gems Ultimate Pack/Prefabs/Cubie.prefab using Guid(38dea0631a962ad45b71e2759e4240d8) Importer(815301076,1909f56bfc062723c751e8b465ee728b)  -> (artifact id: '66a8783c6d8d259a5ea4f3954dbe7f8d') in 0.003263 seconds 
========================================================================
Received Import Request.
  Time since last request: 1.766343 seconds.
  path: Assets/AurynSky/Gems Ultimate Pack/Prefabs/CubieBeveled.prefab
  artifactKey: Guid(b34bf25cecb5fc24c91de3edea19cb13) Importer(815301076,1909f56bfc062723c751e8b465ee728b)
Start importing Assets/AurynSky/Gems Ultimate Pack/Prefabs/CubieBeveled.prefab using Guid(b34bf25cecb5fc24c91de3edea19cb13) Importer(815301076,1909f56bfc062723c751e8b465ee728b)  -> (artifact id: '33f1a8e5692c11c5c5f17b0b8a1f8389') in 0.002872 seconds 
========================================================================
Received Import Request.
  Time since last request: 2.600888 seconds.
  path: Assets/AurynSky/Gems Ultimate Pack/Prefabs/Cuboid.prefab
  artifactKey: Guid(6a7274aefcc6cef4fbbfba924cc7f657) Importer(815301076,1909f56bfc062723c751e8b465ee728b)
Start importing Assets/AurynSky/Gems Ultimate Pack/Prefabs/Cuboid.prefab using Guid(6a7274aefcc6cef4fbbfba924cc7f657) Importer(815301076,1909f56bfc062723c751e8b465ee728b)  -> (artifact id: '9cac959feddce25c4828a883a57204f9') in 0.002873 seconds 
========================================================================
Received Import Request.
  Time since last request: 1.834175 seconds.
  path: Assets/AurynSky/Gems Ultimate Pack/Prefabs/Diamondo.prefab
  artifactKey: Guid(5c02591794acece409986647ed6329a7) Importer(815301076,1909f56bfc062723c751e8b465ee728b)
Start importing Assets/AurynSky/Gems Ultimate Pack/Prefabs/Diamondo.prefab using Guid(5c02591794acece409986647ed6329a7) Importer(815301076,1909f56bfc062723c751e8b465ee728b)  -> (artifact id: '80272b42140ba6cf747dcc9d82645832') in 0.002977 seconds 
========================================================================
Received Import Request.
  Time since last request: 3.355019 seconds.
  path: Assets/AurynSky/Gems Ultimate Pack/Prefabs/Diamondo5side.prefab
  artifactKey: Guid(cd34118c604e29141afea74caecd70f2) Importer(815301076,1909f56bfc062723c751e8b465ee728b)
Start importing Assets/AurynSky/Gems Ultimate Pack/Prefabs/Diamondo5side.prefab using Guid(cd34118c604e29141afea74caecd70f2) Importer(815301076,1909f56bfc062723c751e8b465ee728b)  -> (artifact id: 'a2194c977881be8f2ac1e175fa04cd19') in 0.002908 seconds 
========================================================================
Received Import Request.
  Time since last request: 2.298470 seconds.
  path: Assets/AurynSky/Gems Ultimate Pack/Prefabs/HardStar.prefab
  artifactKey: Guid(c4bf8b30fce268044a786a8600922324) Importer(815301076,1909f56bfc062723c751e8b465ee728b)
Start importing Assets/AurynSky/Gems Ultimate Pack/Prefabs/HardStar.prefab using Guid(c4bf8b30fce268044a786a8600922324) Importer(815301076,1909f56bfc062723c751e8b465ee728b)  -> (artifact id: '43fca04d570a079f246d4ecdafd74e37') in 0.003078 seconds 
========================================================================
Received Import Request.
  Time since last request: 1.817992 seconds.
  path: Assets/AurynSky/Gems Ultimate Pack/Prefabs/Hexgon.prefab
  artifactKey: Guid(676e107eeafc5524b97910d76516565d) Importer(815301076,1909f56bfc062723c751e8b465ee728b)
Start importing Assets/AurynSky/Gems Ultimate Pack/Prefabs/Hexgon.prefab using Guid(676e107eeafc5524b97910d76516565d) Importer(815301076,1909f56bfc062723c751e8b465ee728b)  -> (artifact id: 'e3b4414462ff1c4fdf71d37381046c3f') in 0.002873 seconds 
========================================================================
Received Import Request.
  Time since last request: 2.329593 seconds.
  path: Assets/AurynSky/Gems Ultimate Pack/Prefabs/Penta.prefab
  artifactKey: Guid(1a73058088a4b204bb3a13aff5c48489) Importer(815301076,1909f56bfc062723c751e8b465ee728b)
Start importing Assets/AurynSky/Gems Ultimate Pack/Prefabs/Penta.prefab using Guid(1a73058088a4b204bb3a13aff5c48489) Importer(815301076,1909f56bfc062723c751e8b465ee728b)  -> (artifact id: 'd1040341f81efba876506fdeda6a821c') in 0.002678 seconds 
========================================================================
Received Import Request.
  Time since last request: 1.855936 seconds.
  path: Assets/AurynSky/Gems Ultimate Pack/Prefabs/SoftStar.prefab
  artifactKey: Guid(8f226a393243a0141bace5fd6b60bafa) Importer(815301076,1909f56bfc062723c751e8b465ee728b)
Start importing Assets/AurynSky/Gems Ultimate Pack/Prefabs/SoftStar.prefab using Guid(8f226a393243a0141bace5fd6b60bafa) Importer(815301076,1909f56bfc062723c751e8b465ee728b)  -> (artifact id: '40482780817e34dae08361f92813de04') in 0.003384 seconds 
========================================================================
Received Import Request.
  Time since last request: 2.239729 seconds.
  path: Assets/AurynSky/Gems Ultimate Pack/Prefabs/SphereGemLarge.prefab
  artifactKey: Guid(8b40cffea67202d4bbf662b25de4c94a) Importer(815301076,1909f56bfc062723c751e8b465ee728b)
Start importing Assets/AurynSky/Gems Ultimate Pack/Prefabs/SphereGemLarge.prefab using Guid(8b40cffea67202d4bbf662b25de4c94a) Importer(815301076,1909f56bfc062723c751e8b465ee728b)  -> (artifact id: 'bd717042d54ebc69cf66cc40a84a22f6') in 0.002899 seconds 
========================================================================
Received Import Request.
  Time since last request: 2.390525 seconds.
  path: Assets/AurynSky/Gems Ultimate Pack/Prefabs/SphereGemSmall.prefab
  artifactKey: Guid(af16961524284e54491133548920258b) Importer(815301076,1909f56bfc062723c751e8b465ee728b)
Start importing Assets/AurynSky/Gems Ultimate Pack/Prefabs/SphereGemSmall.prefab using Guid(af16961524284e54491133548920258b) Importer(815301076,1909f56bfc062723c751e8b465ee728b)  -> (artifact id: '73621804d0637c1453d56770eb79ac7e') in 0.003355 seconds 
========================================================================
Received Import Request.
  Time since last request: 3.170964 seconds.
  path: Assets/AurynSky/Gems Ultimate Pack/Prefabs/Spiral.prefab
  artifactKey: Guid(586acbe765df7c34385298970076297e) Importer(815301076,1909f56bfc062723c751e8b465ee728b)
Start importing Assets/AurynSky/Gems Ultimate Pack/Prefabs/Spiral.prefab using Guid(586acbe765df7c34385298970076297e) Importer(815301076,1909f56bfc062723c751e8b465ee728b)  -> (artifact id: '581592622b896f57cde8975f4e2cda82') in 0.002964 seconds 
========================================================================
Received Import Request.
  Time since last request: 3.561788 seconds.
  path: Assets/AurynSky/Gems Ultimate Pack/Scenes
  artifactKey: Guid(a05f34efd1b405249aebe61e1bf05a0b) Importer(815301076,1909f56bfc062723c751e8b465ee728b)
Start importing Assets/AurynSky/Gems Ultimate Pack/Scenes using Guid(a05f34efd1b405249aebe61e1bf05a0b) Importer(815301076,1909f56bfc062723c751e8b465ee728b)  -> (artifact id: '18282a795380fe5ed4fa7b8a91dfdabe') in 0.005030 seconds 
========================================================================
Received Import Request.
  Time since last request: 10.871718 seconds.
  path: Assets/CoffeeShopStarterPack/Animations/dummy_animation_target_filling.anim
  artifactKey: Guid(c6167ac61824c4c73860f8713902993c) Importer(815301076,1909f56bfc062723c751e8b465ee728b)
Start importing Assets/CoffeeShopStarterPack/Animations/dummy_animation_target_filling.anim using Guid(c6167ac61824c4c73860f8713902993c) Importer(815301076,1909f56bfc062723c751e8b465ee728b)  -> (artifact id: '932a3ff6b0570d8669a89ff2642bf7d1') in 0.007656 seconds 
========================================================================
Received Import Request.
  Time since last request: 0.444850 seconds.
  path: Assets/CoffeeShopStarterPack/Animations/dummy_animation_target_filling_Reversed.anim
  artifactKey: Guid(f209d427a0408407d8c282ee528a6786) Importer(815301076,1909f56bfc062723c751e8b465ee728b)
Start importing Assets/CoffeeShopStarterPack/Animations/dummy_animation_target_filling_Reversed.anim using Guid(f209d427a0408407d8c282ee528a6786) Importer(815301076,1909f56bfc062723c751e8b465ee728b)  -> (artifact id: 'a9bcb09f62d820fa48c49b1da29a7298') in 0.006079 seconds 
========================================================================
Received Import Request.
  Time since last request: 0.695701 seconds.
  path: Assets/CoffeeShopStarterPack/Animations/dummy_animation_shake.anim
  artifactKey: Guid(67d522abed26040a1bfde5d8a07a6bf6) Importer(815301076,1909f56bfc062723c751e8b465ee728b)
Start importing Assets/CoffeeShopStarterPack/Animations/dummy_animation_shake.anim using Guid(67d522abed26040a1bfde5d8a07a6bf6) Importer(815301076,1909f56bfc062723c751e8b465ee728b)  -> (artifact id: 'cf3f2880e482065153147ce79496ac5b') in 0.018021 seconds 
========================================================================
Received Import Request.
  Time since last request: 1.969388 seconds.
  path: Assets/CoffeeShopStarterPack/Animations
  artifactKey: Guid(6f06c885f68e1475c8ca143144f4e940) Importer(815301076,1909f56bfc062723c751e8b465ee728b)
Start importing Assets/CoffeeShopStarterPack/Animations using Guid(6f06c885f68e1475c8ca143144f4e940) Importer(815301076,1909f56bfc062723c751e8b465ee728b)  -> (artifact id: 'f436eb8e8b96a4278596fd2aacf06800') in 0.005642 seconds 
========================================================================
Received Import Request.
  Time since last request: 12.744997 seconds.
  path: Assets/CoffeeShopStarterPack/Materials
  artifactKey: Guid(36615f0c99aeb4eb79cb65a5e5fe8c10) Importer(815301076,1909f56bfc062723c751e8b465ee728b)
Start importing Assets/CoffeeShopStarterPack/Materials using Guid(36615f0c99aeb4eb79cb65a5e5fe8c10) Importer(815301076,1909f56bfc062723c751e8b465ee728b)  -> (artifact id: '4aa3cef29b2c65d4a33f34aaeb937516') in 0.002003 seconds 
========================================================================
Received Import Request.
  Time since last request: 8.091104 seconds.
  path: Assets/CoffeeShopStarterPack/Models/PW_cookie.fbx
  artifactKey: Guid(18e651e9430dc49f8aba22d0b7b80602) Importer(815301076,1909f56bfc062723c751e8b465ee728b)
Start importing Assets/CoffeeShopStarterPack/Models/PW_cookie.fbx using Guid(18e651e9430dc49f8aba22d0b7b80602) Importer(815301076,1909f56bfc062723c751e8b465ee728b)  -> (artifact id: '85e2abd7e07c2bedbe33831f97a6a622') in 0.012195 seconds 
========================================================================
Received Import Request.
  Time since last request: 0.504211 seconds.
  path: Assets/CoffeeShopStarterPack/Models/PW_croissant.fbx
  artifactKey: Guid(0dde3021ca18047cf8bf8aad877283d2) Importer(815301076,1909f56bfc062723c751e8b465ee728b)
Start importing Assets/CoffeeShopStarterPack/Models/PW_croissant.fbx using Guid(0dde3021ca18047cf8bf8aad877283d2) Importer(815301076,1909f56bfc062723c751e8b465ee728b)  -> (artifact id: '901bf2a0355515a8aa1ec29bc97fcabb') in 0.012953 seconds 
========================================================================
Received Import Request.
  Time since last request: 0.854034 seconds.
  path: Assets/CoffeeShopStarterPack/Models/PW_croissant_toserve.fbx
  artifactKey: Guid(b353e03ca33c443a28d7596980b9817f) Importer(815301076,1909f56bfc062723c751e8b465ee728b)
Start importing Assets/CoffeeShopStarterPack/Models/PW_croissant_toserve.fbx using Guid(b353e03ca33c443a28d7596980b9817f) Importer(815301076,1909f56bfc062723c751e8b465ee728b)  -> (artifact id: 'fc8f6b5a8100efa165d7ef0e6c118e93') in 0.025846 seconds 
========================================================================
Received Import Request.
  Time since last request: 0.532297 seconds.
  path: Assets/CoffeeShopStarterPack/Models/PW_cup01.fbx
  artifactKey: Guid(89c2450bbaa1c476bbe11493cb92548f) Importer(815301076,1909f56bfc062723c751e8b465ee728b)
Start importing Assets/CoffeeShopStarterPack/Models/PW_cup01.fbx using Guid(89c2450bbaa1c476bbe11493cb92548f) Importer(815301076,1909f56bfc062723c751e8b465ee728b)  -> (artifact id: '580daa5fa63662278f9bcf2eb7d53563') in 0.017918 seconds 
========================================================================
Received Import Request.
  Time since last request: 3.933203 seconds.
  path: Assets/CoffeeShopStarterPack/Models/PW_cup02.fbx
  artifactKey: Guid(53050a2a2cbdf45b38e0b675faa6f583) Importer(815301076,1909f56bfc062723c751e8b465ee728b)
Start importing Assets/CoffeeShopStarterPack/Models/PW_cup02.fbx using Guid(53050a2a2cbdf45b38e0b675faa6f583) Importer(815301076,1909f56bfc062723c751e8b465ee728b)  -> (artifact id: 'e0df256b35d26ae128640841e9d332d0') in 0.017345 seconds 
========================================================================
Received Prepare
Registering precompiled user dll's ...
Registered in 0.007765 seconds.
Begin MonoManager ReloadAssembly
Symbol file LoadedFromMemory doesn't match image C:\Users\grace_ahipqhi\OneDrive\Desktop\Create with Code\Unity-Create-with-Code\Star Baker\Library\PackageCache\com.unity.visualscripting@1.8.0\Editor\VisualScripting.Core\Dependencies\YamlDotNet\Unity.VisualScripting.YamlDotNet.dll
Symbol file LoadedFromMemory doesn't match image C:\Users\grace_ahipqhi\OneDrive\Desktop\Create with Code\Unity-Create-with-Code\Star Baker\Library\PackageCache\com.unity.visualscripting@1.8.0\Editor\VisualScripting.Core\Dependencies\DotNetZip\Unity.VisualScripting.IonicZip.dll
Native extension for WindowsStandalone target not found
Native extension for WebGL target not found
Refreshing native plugins compatible for Editor in 0.57 ms, found 3 plugins.
Preloading 0 native plugins for Editor in 0.00 ms.
Mono: successfully reloaded assembly
- Completed reload, in  0.829 seconds
Domain Reload Profiling:
	ReloadAssembly (829ms)
		BeginReloadAssembly (139ms)
			ExecutionOrderSort (0ms)
			DisableScriptedObjects (4ms)
			BackupInstance (0ms)
			ReleaseScriptingObjects (0ms)
			CreateAndSetChildDomain (35ms)
		EndReloadAssembly (609ms)
			LoadAssemblies (90ms)
			RebuildTransferFunctionScriptingTraits (0ms)
			SetupTypeCache (205ms)
			ReleaseScriptCaches (1ms)
			RebuildScriptCaches (35ms)
			SetupLoadedEditorAssemblies (264ms)
				LogAssemblyErrors (0ms)
				InitializePlatformSupportModulesInManaged (6ms)
				SetLoadedEditorAssemblies (0ms)
				RefreshPlugins (1ms)
				BeforeProcessingInitializeOnLoad (55ms)
				ProcessInitializeOnLoadAttributes (175ms)
				ProcessInitializeOnLoadMethodAttributes (17ms)
				AfterProcessingInitializeOnLoad (9ms)
				EditorAssembliesLoaded (0ms)
			ExecutionOrderSort2 (0ms)
			AwakeInstancesAfterBackupRestoration (5ms)
Platform modules already initialized, skipping
Refreshing native plugins compatible for Editor in 2.10 ms, found 3 plugins.
Preloading 0 native plugins for Editor in 0.00 ms.
Unloading 3065 Unused Serialized files (Serialized files now loaded: 0)
Unloading 42 unused Assets / (24.7 KB). Loaded Objects now: 3578.
Memory consumption went from 117.9 MB to 117.9 MB.
Total: 2.418700 ms (FindLiveObjects: 0.175000 ms CreateObjectMapping: 0.106300 ms MarkObjects: 2.108600 ms  DeleteObjects: 0.027900 ms)

AssetImportParameters requested are different than current active one (requested -> active):
  custom:video-decoder-ogg-theora: a1e56fd34408186e4bbccfd4996cb3dc -> 
  custom:container-muxer-webm: aa71ff27fc2769a1b78a27578f13a17b -> 
  custom:container-demuxer-webm: 4f35f7cbe854078d1ac9338744f61a02 -> 
  custom:video-encoder-webm-vp8: eb34c28f22e8b96e1ab97ce403110664 -> 
  custom:audio-encoder-webm-vorbis: bf7c407c2cedff20999df2af8eb42d56 -> 
  custom:framework-win-MediaFoundation: 216162199b28c13a410421893ffa2e32 -> 
  custom:container-demuxer-ogg: 62fdf1f143b41e24485cea50d1cbac27 -> 
  custom:video-decoder-webm-vp8: 9c59270c3fd7afecdb556c50c9e8de78 -> 
  custom:audio-decoder-ogg-vorbis: bf7c407c2cedff20999df2af8eb42d56 -> 
========================================================================
Received Prepare
Registering precompiled user dll's ...
Registered in 0.006944 seconds.
Begin MonoManager ReloadAssembly
Symbol file LoadedFromMemory doesn't match image C:\Users\grace_ahipqhi\OneDrive\Desktop\Create with Code\Unity-Create-with-Code\Star Baker\Library\PackageCache\com.unity.visualscripting@1.8.0\Editor\VisualScripting.Core\Dependencies\YamlDotNet\Unity.VisualScripting.YamlDotNet.dll
Symbol file LoadedFromMemory doesn't match image C:\Users\grace_ahipqhi\OneDrive\Desktop\Create with Code\Unity-Create-with-Code\Star Baker\Library\PackageCache\com.unity.visualscripting@1.8.0\Editor\VisualScripting.Core\Dependencies\DotNetZip\Unity.VisualScripting.IonicZip.dll
Native extension for WindowsStandalone target not found
Native extension for WebGL target not found
Refreshing native plugins compatible for Editor in 0.55 ms, found 3 plugins.
Preloading 0 native plugins for Editor in 0.00 ms.
Mono: successfully reloaded assembly
- Completed reload, in  0.797 seconds
Domain Reload Profiling:
	ReloadAssembly (798ms)
		BeginReloadAssembly (127ms)
			ExecutionOrderSort (0ms)
			DisableScriptedObjects (5ms)
			BackupInstance (0ms)
			ReleaseScriptingObjects (0ms)
			CreateAndSetChildDomain (28ms)
		EndReloadAssembly (591ms)
			LoadAssemblies (86ms)
			RebuildTransferFunctionScriptingTraits (0ms)
			SetupTypeCache (198ms)
			ReleaseScriptCaches (1ms)
			RebuildScriptCaches (32ms)
			SetupLoadedEditorAssemblies (254ms)
				LogAssemblyErrors (0ms)
				InitializePlatformSupportModulesInManaged (6ms)
				SetLoadedEditorAssemblies (0ms)
				RefreshPlugins (1ms)
				BeforeProcessingInitializeOnLoad (60ms)
				ProcessInitializeOnLoadAttributes (163ms)
				ProcessInitializeOnLoadMethodAttributes (16ms)
				AfterProcessingInitializeOnLoad (8ms)
				EditorAssembliesLoaded (0ms)
			ExecutionOrderSort2 (0ms)
			AwakeInstancesAfterBackupRestoration (5ms)
Platform modules already initialized, skipping
Refreshing native plugins compatible for Editor in 1.86 ms, found 3 plugins.
Preloading 0 native plugins for Editor in 0.00 ms.
Unloading 3065 Unused Serialized files (Serialized files now loaded: 0)
Unloading 16 unused Assets / (24.7 KB). Loaded Objects now: 3581.
Memory consumption went from 117.9 MB to 117.8 MB.
Total: 2.311900 ms (FindLiveObjects: 0.175500 ms CreateObjectMapping: 0.091800 ms MarkObjects: 2.027300 ms  DeleteObjects: 0.016800 ms)

AssetImportParameters requested are different than current active one (requested -> active):
  custom:video-decoder-ogg-theora: a1e56fd34408186e4bbccfd4996cb3dc -> 
  custom:container-muxer-webm: aa71ff27fc2769a1b78a27578f13a17b -> 
  custom:container-demuxer-webm: 4f35f7cbe854078d1ac9338744f61a02 -> 
  custom:video-encoder-webm-vp8: eb34c28f22e8b96e1ab97ce403110664 -> 
  custom:audio-encoder-webm-vorbis: bf7c407c2cedff20999df2af8eb42d56 -> 
  custom:framework-win-MediaFoundation: 216162199b28c13a410421893ffa2e32 -> 
  custom:container-demuxer-ogg: 62fdf1f143b41e24485cea50d1cbac27 -> 
  custom:video-decoder-webm-vp8: 9c59270c3fd7afecdb556c50c9e8de78 -> 
  custom:audio-decoder-ogg-vorbis: bf7c407c2cedff20999df2af8eb42d56 -> 
========================================================================
Received Import Request.
  Time since last request: 63.130037 seconds.
  path: Assets/FREE Food Pack/Materials
  artifactKey: Guid(6e17dc5e72f19624cb025eff8b25d100) Importer(815301076,1909f56bfc062723c751e8b465ee728b)
Start importing Assets/FREE Food Pack/Materials using Guid(6e17dc5e72f19624cb025eff8b25d100) Importer(815301076,1909f56bfc062723c751e8b465ee728b)  -> (artifact id: '9b13c89f9164879f554b5157f0571a92') in 0.009270 seconds 
========================================================================
Received Import Request.
  Time since last request: 3.014985 seconds.
  path: Assets/FREE Food Pack/Textures/Food_Texture.png
  artifactKey: Guid(43377eaa5df746b4aae828047f51089c) Importer(815301076,1909f56bfc062723c751e8b465ee728b)
Start importing Assets/FREE Food Pack/Textures/Food_Texture.png using Guid(43377eaa5df746b4aae828047f51089c) Importer(815301076,1909f56bfc062723c751e8b465ee728b)  -> (artifact id: '3051a04b2f77f4dd7caf759141432184') in 0.029926 seconds 
========================================================================
Received Import Request.
  Time since last request: 3.985592 seconds.
  path: Assets/FREE Food Pack/Mesh
  artifactKey: Guid(4a9263b0838c52a408806bafe3f0c486) Importer(815301076,1909f56bfc062723c751e8b465ee728b)
Start importing Assets/FREE Food Pack/Mesh using Guid(4a9263b0838c52a408806bafe3f0c486) Importer(815301076,1909f56bfc062723c751e8b465ee728b)  -> (artifact id: '1bbe8b0e526202514949f2f01c8b30eb') in 0.007486 seconds 
========================================================================
Received Import Request.
  Time since last request: 1.390839 seconds.
  path: Assets/FREE Food Pack/Mesh/Avocado.fbx
  artifactKey: Guid(a83ea36fea961a24f9d32eda0adb883d) Importer(815301076,1909f56bfc062723c751e8b465ee728b)
Start importing Assets/FREE Food Pack/Mesh/Avocado.fbx using Guid(a83ea36fea961a24f9d32eda0adb883d) Importer(815301076,1909f56bfc062723c751e8b465ee728b)  -> (artifact id: '043b2d4072e2235d5fd04c663d08679e') in 0.064663 seconds 
========================================================================
Received Import Request.
  Time since last request: 2.115774 seconds.
  path: Assets/FREE Food Pack/Mesh/Banana.fbx
  artifactKey: Guid(6d05be1b78e41a948b8d50bee67bce65) Importer(815301076,1909f56bfc062723c751e8b465ee728b)
Start importing Assets/FREE Food Pack/Mesh/Banana.fbx using Guid(6d05be1b78e41a948b8d50bee67bce65) Importer(815301076,1909f56bfc062723c751e8b465ee728b)  -> (artifact id: '35f005d94d6779a58fd804f44bb148e0') in 0.011865 seconds 
========================================================================
Received Import Request.
  Time since last request: 11.010705 seconds.
  path: Assets/FREE Food Pack/Mesh/Chicken.fbx
  artifactKey: Guid(310f9adb29639fa4f926ddbb52461942) Importer(815301076,1909f56bfc062723c751e8b465ee728b)
Start importing Assets/FREE Food Pack/Mesh/Chicken.fbx using Guid(310f9adb29639fa4f926ddbb52461942) Importer(815301076,1909f56bfc062723c751e8b465ee728b)  -> (artifact id: 'b40b28d53d9ca015ce2bd60ab345f9fb') in 0.011864 seconds 
========================================================================
Received Import Request.
  Time since last request: 2.197551 seconds.
  path: Assets/FREE Food Pack/Mesh/Chili.fbx
  artifactKey: Guid(b35c815c74fb6884f9bb74089e03072e) Importer(815301076,1909f56bfc062723c751e8b465ee728b)
Start importing Assets/FREE Food Pack/Mesh/Chili.fbx using Guid(b35c815c74fb6884f9bb74089e03072e) Importer(815301076,1909f56bfc062723c751e8b465ee728b)  -> (artifact id: 'f5aa442779746cba5f88c6439d908766') in 0.010723 seconds 
========================================================================
Received Import Request.
  Time since last request: 2.201348 seconds.
  path: Assets/FREE Food Pack/Mesh/Chips.fbx
  artifactKey: Guid(39d0bbd8cb77c27428b7c82b55d16c83) Importer(815301076,1909f56bfc062723c751e8b465ee728b)
Start importing Assets/FREE Food Pack/Mesh/Chips.fbx using Guid(39d0bbd8cb77c27428b7c82b55d16c83) Importer(815301076,1909f56bfc062723c751e8b465ee728b)  -> (artifact id: 'ea0ac71675a6e317eeebaf749c9b9f20') in 0.012616 seconds 
========================================================================
Received Import Request.
  Time since last request: 2.025244 seconds.
  path: Assets/FREE Food Pack/Mesh/Chips_Bag.fbx
  artifactKey: Guid(e3ff11dbbe2447f4390e781a3033d688) Importer(815301076,1909f56bfc062723c751e8b465ee728b)
Start importing Assets/FREE Food Pack/Mesh/Chips_Bag.fbx using Guid(e3ff11dbbe2447f4390e781a3033d688) Importer(815301076,1909f56bfc062723c751e8b465ee728b)  -> (artifact id: 'f7f7b8814c577aeabe5d5c5dabfced17') in 0.011454 seconds 
========================================================================
Received Import Request.
  Time since last request: 1.834486 seconds.
  path: Assets/FREE Food Pack/Mesh/Coconut.fbx
  artifactKey: Guid(fb82fcf142e96f04a9a722bb06351c64) Importer(815301076,1909f56bfc062723c751e8b465ee728b)
Start importing Assets/FREE Food Pack/Mesh/Coconut.fbx using Guid(fb82fcf142e96f04a9a722bb06351c64) Importer(815301076,1909f56bfc062723c751e8b465ee728b)  -> (artifact id: '08c1a9358ed955c83ea5fb73747b86bc') in 0.011502 seconds 
========================================================================
Received Import Request.
  Time since last request: 1.917459 seconds.
  path: Assets/FREE Food Pack/Mesh/Drink_01.fbx
  artifactKey: Guid(6931062aeecbb13438f7ad92ef798679) Importer(815301076,1909f56bfc062723c751e8b465ee728b)
Start importing Assets/FREE Food Pack/Mesh/Drink_01.fbx using Guid(6931062aeecbb13438f7ad92ef798679) Importer(815301076,1909f56bfc062723c751e8b465ee728b)  -> (artifact id: '08162ccaee8f1c26408ebfcdc32046d4') in 0.012196 seconds 
========================================================================
Received Import Request.
  Time since last request: 3.017988 seconds.
  path: Assets/FREE Food Pack/Mesh/Drink_02.fbx
  artifactKey: Guid(e5243630032651f4595e873c112cb51c) Importer(815301076,1909f56bfc062723c751e8b465ee728b)
Start importing Assets/FREE Food Pack/Mesh/Drink_02.fbx using Guid(e5243630032651f4595e873c112cb51c) Importer(815301076,1909f56bfc062723c751e8b465ee728b)  -> (artifact id: 'a71bc783b93ab731a7b59f6139b5bb2f') in 0.011375 seconds 
========================================================================
Received Import Request.
  Time since last request: 3.126966 seconds.
  path: Assets/FREE Food Pack/Mesh/Drink_03.fbx
  artifactKey: Guid(014209c3bbf18fc4fbeb84f674afe82c) Importer(815301076,1909f56bfc062723c751e8b465ee728b)
Start importing Assets/FREE Food Pack/Mesh/Drink_03.fbx using Guid(014209c3bbf18fc4fbeb84f674afe82c) Importer(815301076,1909f56bfc062723c751e8b465ee728b)  -> (artifact id: 'f11ad97ae5c2cab10263d3b3ce4060b2') in 0.014449 seconds 
========================================================================
Received Import Request.
  Time since last request: 2.377753 seconds.
  path: Assets/FREE Food Pack/Mesh/Eclair_Chocolate.fbx
  artifactKey: Guid(1eca6ca9aebee584bad5eae34c02b305) Importer(815301076,1909f56bfc062723c751e8b465ee728b)
Start importing Assets/FREE Food Pack/Mesh/Eclair_Chocolate.fbx using Guid(1eca6ca9aebee584bad5eae34c02b305) Importer(815301076,1909f56bfc062723c751e8b465ee728b)  -> (artifact id: '1924d681696f2fe9ebb7e22c995a4c61') in 0.011524 seconds 
========================================================================
Received Import Request.
  Time since last request: 2.629500 seconds.
  path: Assets/FREE Food Pack/Mesh/Egg.fbx
  artifactKey: Guid(19f143b42fa533b4f8eafc373bd587d7) Importer(815301076,1909f56bfc062723c751e8b465ee728b)
Start importing Assets/FREE Food Pack/Mesh/Egg.fbx using Guid(19f143b42fa533b4f8eafc373bd587d7) Importer(815301076,1909f56bfc062723c751e8b465ee728b)  -> (artifact id: '8136d2ea51531317a70ffb3b1348deff') in 0.011818 seconds 
========================================================================
Received Import Request.
  Time since last request: 3.135549 seconds.
  path: Assets/FREE Food Pack/Mesh/Food_Presentation.FBX
  artifactKey: Guid(9c14cf33872586c47917fc3154b2e97d) Importer(815301076,1909f56bfc062723c751e8b465ee728b)
Start importing Assets/FREE Food Pack/Mesh/Food_Presentation.FBX using Guid(9c14cf33872586c47917fc3154b2e97d) Importer(815301076,1909f56bfc062723c751e8b465ee728b)  -> (artifact id: '9b3b0bca3de7505f369194e327393b0a') in 0.039471 seconds 
========================================================================
Received Import Request.
  Time since last request: 2.285859 seconds.
  path: Assets/FREE Food Pack/Mesh/Donut.fbx
  artifactKey: Guid(4526a86407f95894b9d00e13d5ebfc70) Importer(815301076,1909f56bfc062723c751e8b465ee728b)
Start importing Assets/FREE Food Pack/Mesh/Donut.fbx using Guid(4526a86407f95894b9d00e13d5ebfc70) Importer(815301076,1909f56bfc062723c751e8b465ee728b)  -> (artifact id: '069e62d700e36645e0296325b7e267d9') in 0.011376 seconds 
========================================================================
Received Import Request.
  Time since last request: 3.776996 seconds.
  path: Assets/FREE Food Pack/Mesh/Fries.fbx
  artifactKey: Guid(fec7842a9c7504f4c946eb24e095d9f9) Importer(815301076,1909f56bfc062723c751e8b465ee728b)
Start importing Assets/FREE Food Pack/Mesh/Fries.fbx using Guid(fec7842a9c7504f4c946eb24e095d9f9) Importer(815301076,1909f56bfc062723c751e8b465ee728b)  -> (artifact id: '327b6ec0ad5ebade377102dc73ca9c52') in 0.011761 seconds 
========================================================================
Received Import Request.
  Time since last request: 26.825259 seconds.
  path: Assets/FREE Food Pack/Prefabs/Avocado.prefab
  artifactKey: Guid(3245fc5926a7535429f2989cab01a844) Importer(815301076,1909f56bfc062723c751e8b465ee728b)
Start importing Assets/FREE Food Pack/Prefabs/Avocado.prefab using Guid(3245fc5926a7535429f2989cab01a844) Importer(815301076,1909f56bfc062723c751e8b465ee728b)  -> (artifact id: 'dbb897979353451898b5a6fec6f7135c') in 0.003002 seconds 
========================================================================
Received Import Request.
  Time since last request: 24.558578 seconds.
  path: Assets/FREE Food Pack/Scenes
  artifactKey: Guid(3edbf5ffaaf409649ae011ecb905379e) Importer(815301076,1909f56bfc062723c751e8b465ee728b)
Start importing Assets/FREE Food Pack/Scenes using Guid(3edbf5ffaaf409649ae011ecb905379e) Importer(815301076,1909f56bfc062723c751e8b465ee728b)  -> (artifact id: '8bcdcfb78fa41b7ffcb12cff6a9b3e9b') in 0.005127 seconds 
========================================================================
Received Import Request.
  Time since last request: 2.591730 seconds.
  path: Assets/FREE Food Pack/Shaders
  artifactKey: Guid(69be919c496b7c044b8b023bdef2e5e7) Importer(815301076,1909f56bfc062723c751e8b465ee728b)
Start importing Assets/FREE Food Pack/Shaders using Guid(69be919c496b7c044b8b023bdef2e5e7) Importer(815301076,1909f56bfc062723c751e8b465ee728b)  -> (artifact id: '01c661ff322c433a69990eca1f1ff37a') in 0.005656 seconds 
========================================================================
Received Import Request.
  Time since last request: 11.475973 seconds.
  path: Assets/Free Pack
  artifactKey: Guid(c8e7fe7dd2a58c24da594eecfdaac127) Importer(815301076,1909f56bfc062723c751e8b465ee728b)
Start importing Assets/Free Pack using Guid(c8e7fe7dd2a58c24da594eecfdaac127) Importer(815301076,1909f56bfc062723c751e8b465ee728b)  -> (artifact id: 'f9ebba5911a21843c6b334fd452ec22e') in 0.005700 seconds 
========================================================================
Received Import Request.
  Time since last request: 11.553658 seconds.
  path: Assets/Icons/acorn.FBX
  artifactKey: Guid(54c6faa2dba6665438008d4e7c8ea7e5) Importer(815301076,1909f56bfc062723c751e8b465ee728b)
Start importing Assets/Icons/acorn.FBX using Guid(54c6faa2dba6665438008d4e7c8ea7e5) Importer(815301076,1909f56bfc062723c751e8b465ee728b)  -> (artifact id: '552ae8ac3dbfb50de4ed58067568425b') in 0.016696 seconds 
========================================================================
Received Import Request.
  Time since last request: 17.082694 seconds.
  path: Assets/Icons/Texture/acorn.png
  artifactKey: Guid(ca4d240be5ea0a54184c37cd9a452481) Importer(815301076,1909f56bfc062723c751e8b465ee728b)
Start importing Assets/Icons/Texture/acorn.png using Guid(ca4d240be5ea0a54184c37cd9a452481) Importer(815301076,1909f56bfc062723c751e8b465ee728b)  -> (artifact id: '3764d6cb2e53e6f2881c6d10f0dde0ab') in 0.010073 seconds 
========================================================================
Received Import Request.
  Time since last request: 4.444647 seconds.
  path: Assets/Icons/Texture/icecream.png
  artifactKey: Guid(315b8dda76233a841a2cff184fc5fa6d) Importer(815301076,1909f56bfc062723c751e8b465ee728b)
Start importing Assets/Icons/Texture/icecream.png using Guid(315b8dda76233a841a2cff184fc5fa6d) Importer(815301076,1909f56bfc062723c751e8b465ee728b)  -> (artifact id: '9de951479c2524ead25ecfe0a5264140') in 0.012307 seconds 
========================================================================
Received Import Request.
  Time since last request: 9.445049 seconds.
  path: Assets/Icons/Texture/yogurt.png
  artifactKey: Guid(9ad781d072ea69647ba0a56d9b89e2e6) Importer(815301076,1909f56bfc062723c751e8b465ee728b)
Start importing Assets/Icons/Texture/yogurt.png using Guid(9ad781d072ea69647ba0a56d9b89e2e6) Importer(815301076,1909f56bfc062723c751e8b465ee728b)  -> (artifact id: 'f25832ed12831ceb2b67ad144a9d8dac') in 0.012916 seconds 
========================================================================
Received Import Request.
  Time since last request: 35.874760 seconds.
  path: Assets/Sc-Fi Music/Music/OGGs/A New Planet.ogg
  artifactKey: Guid(afa8ff1b2128c7445bc090a9b1927964) Importer(815301076,1909f56bfc062723c751e8b465ee728b)
Start importing Assets/Sc-Fi Music/Music/OGGs/A New Planet.ogg using Guid(afa8ff1b2128c7445bc090a9b1927964) Importer(815301076,1909f56bfc062723c751e8b465ee728b)  -> (artifact id: 'dc40bdb9c1a67de82e9653c9d95052f5') in 0.024159 seconds 
========================================================================
Received Import Request.
  Time since last request: 9.645226 seconds.
  path: Assets/Sc-Fi Music/Music/WAVs
  artifactKey: Guid(5fe44913014fcf242a4e59808821db75) Importer(815301076,1909f56bfc062723c751e8b465ee728b)
Start importing Assets/Sc-Fi Music/Music/WAVs using Guid(5fe44913014fcf242a4e59808821db75) Importer(815301076,1909f56bfc062723c751e8b465ee728b)  -> (artifact id: 'e514c05e4007c5656caa8c915a5dc48a') in 0.005436 seconds 
========================================================================
Received Prepare
Registering precompiled user dll's ...
Registered in 0.005035 seconds.
Begin MonoManager ReloadAssembly
Symbol file LoadedFromMemory doesn't match image C:\Users\grace_ahipqhi\OneDrive\Desktop\Create with Code\Unity-Create-with-Code\Star Baker\Library\PackageCache\com.unity.visualscripting@1.8.0\Editor\VisualScripting.Core\Dependencies\YamlDotNet\Unity.VisualScripting.YamlDotNet.dll
Symbol file LoadedFromMemory doesn't match image C:\Users\grace_ahipqhi\OneDrive\Desktop\Create with Code\Unity-Create-with-Code\Star Baker\Library\PackageCache\com.unity.visualscripting@1.8.0\Editor\VisualScripting.Core\Dependencies\DotNetZip\Unity.VisualScripting.IonicZip.dll
Native extension for WindowsStandalone target not found
Native extension for WebGL target not found
Refreshing native plugins compatible for Editor in 0.79 ms, found 3 plugins.
Preloading 0 native plugins for Editor in 0.00 ms.
Mono: successfully reloaded assembly
- Completed reload, in  0.829 seconds
Domain Reload Profiling:
	ReloadAssembly (829ms)
		BeginReloadAssembly (132ms)
			ExecutionOrderSort (0ms)
			DisableScriptedObjects (3ms)
			BackupInstance (0ms)
			ReleaseScriptingObjects (0ms)
			CreateAndSetChildDomain (32ms)
		EndReloadAssembly (608ms)
			LoadAssemblies (92ms)
			RebuildTransferFunctionScriptingTraits (0ms)
			SetupTypeCache (212ms)
			ReleaseScriptCaches (1ms)
			RebuildScriptCaches (34ms)
			SetupLoadedEditorAssemblies (248ms)
				LogAssemblyErrors (0ms)
				InitializePlatformSupportModulesInManaged (6ms)
				SetLoadedEditorAssemblies (0ms)
				RefreshPlugins (1ms)
				BeforeProcessingInitializeOnLoad (53ms)
				ProcessInitializeOnLoadAttributes (165ms)
				ProcessInitializeOnLoadMethodAttributes (15ms)
				AfterProcessingInitializeOnLoad (8ms)
				EditorAssembliesLoaded (0ms)
			ExecutionOrderSort2 (0ms)
			AwakeInstancesAfterBackupRestoration (5ms)
Platform modules already initialized, skipping
Refreshing native plugins compatible for Editor in 1.83 ms, found 3 plugins.
Preloading 0 native plugins for Editor in 0.00 ms.
Unloading 3065 Unused Serialized files (Serialized files now loaded: 0)
Unloading 16 unused Assets / (24.7 KB). Loaded Objects now: 3587.
Memory consumption went from 116.1 MB to 116.1 MB.
Total: 2.256300 ms (FindLiveObjects: 0.197200 ms CreateObjectMapping: 0.104600 ms MarkObjects: 1.937400 ms  DeleteObjects: 0.016200 ms)

AssetImportParameters requested are different than current active one (requested -> active):
  custom:video-decoder-ogg-theora: a1e56fd34408186e4bbccfd4996cb3dc -> 
  custom:container-muxer-webm: aa71ff27fc2769a1b78a27578f13a17b -> 
  custom:container-demuxer-webm: 4f35f7cbe854078d1ac9338744f61a02 -> 
  custom:video-encoder-webm-vp8: eb34c28f22e8b96e1ab97ce403110664 -> 
  custom:audio-encoder-webm-vorbis: bf7c407c2cedff20999df2af8eb42d56 -> 
  custom:framework-win-MediaFoundation: 216162199b28c13a410421893ffa2e32 -> 
  custom:container-demuxer-ogg: 62fdf1f143b41e24485cea50d1cbac27 -> 
  custom:video-decoder-webm-vp8: 9c59270c3fd7afecdb556c50c9e8de78 -> 
  custom:audio-decoder-ogg-vorbis: bf7c407c2cedff20999df2af8eb42d56 -> 
========================================================================
Received Prepare
Registering precompiled user dll's ...
Registered in 0.005035 seconds.
Begin MonoManager ReloadAssembly
Symbol file LoadedFromMemory doesn't match image C:\Users\grace_ahipqhi\OneDrive\Desktop\Create with Code\Unity-Create-with-Code\Star Baker\Library\PackageCache\com.unity.visualscripting@1.8.0\Editor\VisualScripting.Core\Dependencies\YamlDotNet\Unity.VisualScripting.YamlDotNet.dll
Symbol file LoadedFromMemory doesn't match image C:\Users\grace_ahipqhi\OneDrive\Desktop\Create with Code\Unity-Create-with-Code\Star Baker\Library\PackageCache\com.unity.visualscripting@1.8.0\Editor\VisualScripting.Core\Dependencies\DotNetZip\Unity.VisualScripting.IonicZip.dll
Native extension for WindowsStandalone target not found
Native extension for WebGL target not found
Refreshing native plugins compatible for Editor in 0.50 ms, found 3 plugins.
Preloading 0 native plugins for Editor in 0.00 ms.
Mono: successfully reloaded assembly
- Completed reload, in  0.797 seconds
Domain Reload Profiling:
	ReloadAssembly (797ms)
		BeginReloadAssembly (113ms)
			ExecutionOrderSort (0ms)
			DisableScriptedObjects (6ms)
			BackupInstance (0ms)
			ReleaseScriptingObjects (0ms)
			CreateAndSetChildDomain (24ms)
		EndReloadAssembly (601ms)
			LoadAssemblies (76ms)
			RebuildTransferFunctionScriptingTraits (0ms)
			SetupTypeCache (201ms)
			ReleaseScriptCaches (1ms)
			RebuildScriptCaches (35ms)
			SetupLoadedEditorAssemblies (255ms)
				LogAssemblyErrors (0ms)
				InitializePlatformSupportModulesInManaged (6ms)
				SetLoadedEditorAssemblies (0ms)
				RefreshPlugins (1ms)
				BeforeProcessingInitializeOnLoad (57ms)
				ProcessInitializeOnLoadAttributes (168ms)
				ProcessInitializeOnLoadMethodAttributes (16ms)
				AfterProcessingInitializeOnLoad (8ms)
				EditorAssembliesLoaded (0ms)
			ExecutionOrderSort2 (0ms)
			AwakeInstancesAfterBackupRestoration (5ms)
Platform modules already initialized, skipping
Refreshing native plugins compatible for Editor in 2.10 ms, found 3 plugins.
Preloading 0 native plugins for Editor in 0.00 ms.
Unloading 3065 Unused Serialized files (Serialized files now loaded: 0)
Unloading 16 unused Assets / (24.6 KB). Loaded Objects now: 3590.
Memory consumption went from 116.1 MB to 116.1 MB.
Total: 2.259700 ms (FindLiveObjects: 0.175700 ms CreateObjectMapping: 0.099000 ms MarkObjects: 1.968100 ms  DeleteObjects: 0.016200 ms)

AssetImportParameters requested are different than current active one (requested -> active):
  custom:video-decoder-ogg-theora: a1e56fd34408186e4bbccfd4996cb3dc -> 
  custom:container-muxer-webm: aa71ff27fc2769a1b78a27578f13a17b -> 
  custom:container-demuxer-webm: 4f35f7cbe854078d1ac9338744f61a02 -> 
  custom:video-encoder-webm-vp8: eb34c28f22e8b96e1ab97ce403110664 -> 
  custom:audio-encoder-webm-vorbis: bf7c407c2cedff20999df2af8eb42d56 -> 
  custom:framework-win-MediaFoundation: 216162199b28c13a410421893ffa2e32 -> 
  custom:container-demuxer-ogg: 62fdf1f143b41e24485cea50d1cbac27 -> 
  custom:video-decoder-webm-vp8: 9c59270c3fd7afecdb556c50c9e8de78 -> 
  custom:audio-decoder-ogg-vorbis: bf7c407c2cedff20999df2af8eb42d56 -> 
